#
# A fatal error has been detected by the Java Runtime Environment:
#
#  EXCEPTION_ACCESS_VIOLATION (0xc0000005) at pc=0x00007ffee17826c4, pid=13544, tid=12248
#
# JRE version: OpenJDK Runtime Environment (24.0.1+9) (build 24.0.1+9-30)
# Java VM: OpenJDK 64-Bit Server VM (24.0.1+9-30, mixed mode, sharing, tiered, compressed oops, compressed class ptrs, g1 gc, windows-amd64)
# Problematic frame:
# C  [libasyncProfiler.dll+0x926c4]
#
# No core dump will be written. Minidumps are not enabled by default on client versions of Windows
#
# JFR recording file will be written. Location: C:\Users\DrozzzD35\IdeaProjects\StepUp\hs_err_pid13544.jfr
#
# If you would like to submit a bug report, please visit:
#   https://bugreport.java.com/bugreport/crash.jsp
# The crash happened outside the Java Virtual Machine in native code.
# See problematic frame for where to report the bug.
#

---------------  S U M M A R Y ------------

Command Line: -javaagent:C:\Program Files\JetBrains\IntelliJIdea2025.1\lib\idea_rt.jar=50573 -Dfile.encoding=UTF-8 -Dsun.stdout.encoding=UTF-8 -Dsun.stderr.encoding=UTF-8 Main

Host: AMD Ryzen 5 7400F 6-Core Processor             , 12 cores, 31G,  Windows 11 , 64 bit Build 26100 (10.0.26100.3775)
Time: Tue May  6 05:40:25 2025 RTZ 2 (s 11 , 64 bit Build 26100 (10.0.26100.3775) elapsed time: 117.583796 seconds (0d 0h 1m 57s)

---------------  T H R E A D  ---------------

Current thread (0x000001975d43d3e0):  JavaThread "Attach Listener" daemon [_thread_in_native, id=12248, stack(0x0000007f92e00000,0x0000007f92f00000) (1024K)]

Stack: [0x0000007f92e00000,0x0000007f92f00000],  sp=0x0000007f92efed60,  free space=1019k
Native frames: (J=compiled Java code, j=interpreted, Vv=VM code, C=native code)
C  [libasyncProfiler.dll+0x926c4]  (no source info available)
C  [libasyncProfiler.dll+0x92b9b]  (no source info available)
C  [libasyncProfiler.dll+0x917f4]  (no source info available)
C  [libasyncProfiler.dll+0x9206a]  (no source info available)
C  [libasyncProfiler.dll+0x8cc21]  (no source info available)
C  [libasyncProfiler.dll+0x7e5e1]  (no source info available)
C  [libasyncProfiler.dll+0x7d2f8]  (no source info available)
C  [libasyncProfiler.dll+0x7d1e0]  (no source info available)
C  [libasyncProfiler.dll+0x841b9]  (no source info available)
V  [jvm.dll+0x57eff7]  (no source info available)
V  [jvm.dll+0x57fdac]  (no source info available)
V  [jvm.dll+0x14ca17]  (no source info available)
V  [jvm.dll+0x14dfe1]  (no source info available)
V  [jvm.dll+0x42f456]  (no source info available)
V  [jvm.dll+0x87d76b]  (no source info available)
V  [jvm.dll+0x72ee55]  (no source info available)
C  [ucrtbase.dll+0x37b0]  (no source info available)
C  [KERNEL32.DLL+0x2e8d7]  (no source info available)
C  [ntdll.dll+0xb14fc]  (no source info available)


siginfo: EXCEPTION_ACCESS_VIOLATION (0xc0000005), reading address 0xffffffffffffffff


Registers:
RAX=0x0000000000000010, RBX=0x0000000000000000, RCX=0xffffffffffffffff, RDX=0x007ffee2ee300010
RSP=0x0000007f92efed60, RBP=0x000001975d64f988, RSI=0x0000007f92efeed0, RDI=0x000001975d64f988
R8 =0x0000000000000042, R9 =0x0000000626401ed8, R10=0x00007ffee3159fb0, R11=0x0000000000000002
R12=0x0000007f92efeed0, R13=0x000001975d4f0d80, R14=0x000001975d43d7a8, R15=0x000001975d43d7a8
RIP=0x00007ffee17826c4, EFLAGS=0x0000000000010202

XMM[0]=0x0000000000000000 0x0000000000000000
XMM[1]=0x0000000000000000 0x0000000000000000
XMM[2]=0x0000000000000000 0x0000000000000000
XMM[3]=0x0000000000000000 0x0000000000000000
XMM[4]=0x0000000000000000 0x0000000000000000
XMM[5]=0x0000000000000000 0x0000000000000000
XMM[6]=0x0000000000000000 0x0000000000000000
XMM[7]=0x0000000000000000 0x0000000000000000
XMM[8]=0x0000000000000000 0x0000000000000000
XMM[9]=0x0000000000000000 0x0000000000000000
XMM[10]=0x0000000000000000 0x0000000000000000
XMM[11]=0x0000000000000000 0x0000000000000000
XMM[12]=0x0000000000000000 0x0000000000000000
XMM[13]=0x0000000000000000 0x0000000000000000
XMM[14]=0x0000000000000000 0x0000000000000000
XMM[15]=0x0000000000000000 0x0000000000000000
  MXCSR=0x00001fa0


Register to memory mapping:

RAX=0x0000000000000010 is an unknown value
RBX=0x0 is null
RCX=0xffffffffffffffff is an unknown value
RDX=0x007ffee2ee300010 is an unknown value
RSP=0x0000007f92efed60 is pointing into the stack for thread: 0x000001975d43d3e0
RBP=0x000001975d64f988 points into unknown readable memory: 0x0000000626401ed8 | d8 1e 40 26 06 00 00 00
RSI=0x0000007f92efeed0 is pointing into the stack for thread: 0x000001975d43d3e0
RDI=0x000001975d64f988 points into unknown readable memory: 0x0000000626401ed8 | d8 1e 40 26 06 00 00 00
R8 =0x0000000000000042 is an unknown value
R9 =0x0000000626401ed8 is an oop: java.lang.Thread 
{0x0000000626401ed8} - klass: 'java/lang/Thread' - flags: 

 - ---- fields (total size 14 words):
 - 'threadLocalRandomProbe' 'I' @12  0 (0x00000000)
 - private volatile 'eetop' 'J' @16  1749001730736 (0x0000019738a07ab0)
 - private final 'tid' 'J' @24  3 (0x0000000000000003)
 - 'threadLocalRandomSeed' 'J' @32  0 (0x0000000000000000)
 - injected 'jvmti_thread_state' 'J' @40  1750792669120 (0x00000197a36007c0)
 - 'threadLocalRandomSecondarySeed' 'I' @48  0 (0x00000000)
 - injected 'jvmti_VTMS_transition_disable_count' 'I' @52  0 (0x00000000)
 - injected 'jfr_epoch' 'S' @56  0 (0x0000)
 - volatile 'interrupted' 'Z' @58  false (0x00)
 - injected 'jvmti_is_in_VTMS_transition' 'Z' @59  false (0x00)
 - private volatile 'name' 'Ljava/lang/String;' @60  "main"{0x0000000626401f48} (0xc4c803e9)
 - private volatile 'contextClassLoader' 'Ljava/lang/ClassLoader;' @64  a 'jdk/internal/loader/ClassLoaders$AppClassLoader'{0x0000000626417c68} (0xc4c82f8d)
 - private final 'holder' 'Ljava/lang/Thread$FieldHolder;' @68  a 'java/lang/Thread$FieldHolder'{0x0000000626401f88} (0xc4c803f1)
 - 'threadLocals' 'Ljava/lang/ThreadLocal$ThreadLocalMap;' @72  a 'java/lang/ThreadLocal$ThreadLocalMap'{0x0000000626720300} (0xc4ce4060)
 - 'inheritableThreadLocals' 'Ljava/lang/ThreadLocal$ThreadLocalMap;' @76  null (0x00000000)
 - private 'scopedValueBindings' 'Ljava/lang/Object;' @80  a 'java/lang/Class'{0x00000007ffc7c258} = 'java/lang/Thread' (0xfff8f84b)
 - final 'interruptLock' 'Ljava/lang/Object;' @84  a 'java/lang/Object'{0x0000000626401f78} (0xc4c803ef)
 - private volatile 'parkBlocker' 'Ljava/lang/Object;' @88  null (0x00000000)
 - private 'nioBlocker' 'Lsun/nio/ch/Interruptible;' @92  null (0x00000000)
 - private 'cont' 'Ljdk/internal/vm/Continuation;' @96  null (0x00000000)
 - private volatile 'uncaughtExceptionHandler' 'Ljava/lang/Thread$UncaughtExceptionHandler;' @100  null (0x00000000)
 - private 'container' 'Ljdk/internal/vm/ThreadContainer;' @104  null (0x00000000)
 - private volatile 'headStackableScopes' 'Ljdk/internal/vm/StackableScope;' @108  null (0x00000000)
R10=0x00007ffee3159fb0 jvm.dll
R11=0x0000000000000002 is an unknown value
R12=0x0000007f92efeed0 is pointing into the stack for thread: 0x000001975d43d3e0
R13=0x000001975d4f0d80 points into unknown readable memory: 0x00007ffee30ca510 | 10 a5 0c e3 fe 7f 00 00
R14=0x000001975d43d7a8 points into unknown readable memory: 0x00007ffee30c17b0 | b0 17 0c e3 fe 7f 00 00
R15=0x000001975d43d7a8 points into unknown readable memory: 0x00007ffee30c17b0 | b0 17 0c e3 fe 7f 00 00

Top of Stack: (sp=0x0000007f92efed60)
0x0000007f92efed60:   0000007f92efeed0 000001975d64f988   ..........d]....
0x0000007f92efed70:   0000000000000000 000001975d43db30   ........0.C]....
0x0000007f92efed80:   000000000000001e 00007ffee1782b9b   .........+x.....
0x0000007f92efed90:   0000000000000000 000001975d43d7a8   ..........C]....
0x0000007f92efeda0:   0000007f92efee01 0000000000000000   ................
0x0000007f92efedb0:   00000197a3973370 00007ffee17817f4   p3........x.....
0x0000007f92efedc0:   0000000000000000 000000000000001e   ................
0x0000007f92efedd0:   0000000000000000 000000000000001e   ................
0x0000007f92efede0:   0000000e5d4ca048 00000197a575fe10   H.L]......u.....
0x0000007f92efedf0:   00000197a3973370 00000197a39733e8   p3.......3......
0x0000007f92efee00:   00000197a3973418 0000000000003674   .4......t6......
0x0000007f92efee10:   0000000000000000 0000000000000000   ................
0x0000007f92efee20:   0000000000000000 00007ffee29257d4   .........W......
0x0000007f92efee30:   00007ffee18c4ca0 00000000000034e8   .L.......4......
0x0000007f92efee40:   00007ffee18c4ca0 00000000ffffffff   .L..............
0x0000007f92efee50:   0000000000000000 00007ffee178206a   ........j x.....
0x0000007f92efee60:   000001975d43d7a8 0000000000000000   ..C]............
0x0000007f92efee70:   0000007f92efeed9 000001975d4f0d80   ..........O]....
0x0000007f92efee80:   0000000000000004 0000000000000048   ........H.......
0x0000007f92efee90:   0000000800800310 0000000000000020   ........ .......
0x0000007f92efeea0:   000001975d43d7a8 00007ffee18c4ca0   ..C].....L......
0x0000007f92efeeb0:   000001975c95e820 00000197a36007c0    ..\......`.....
0x0000007f92efeec0:   0000000800800390 000001975d43d7a8   ..........C]....
0x0000007f92efeed0:   000001975d6ca490 000001975d6ca850   ..l]....P.l]....
0x0000007f92efeee0:   000001975d6ca850 00007ffee18c4ca0   P.l].....L......
0x0000007f92efeef0:   000001975d4ca048 0000007f92eff068   H.L]....h.......
0x0000007f92efef00:   0000007f92eff1a0 0000000000008840   ........@.......
0x0000007f92efef10:   0000007f92eff380 00007ffee18c4cf0   .........L......
0x0000007f92efef20:   0000000000989680 0000000000989680   ................
0x0000007f92efef30:   0000007f92eff040 00007ffee177cc21   @.......!.w.....
0x0000007f92efef40:   00007ffee18c4ca0 00007ffee18c4cf8   .L.......L......
0x0000007f92efef50:   00007ffe00000000 00007ffe00000001   ................

Instructions: (pc=0x00007ffee17826c4)
  0x00007ffee17825c4:   cc cc cc cc cc cc cc cc cc cc cc cc cc cc cc cc
  0x00007ffee17825d4:   cc cc cc cc cc cc cc cc cc cc cc cc cc cc cc cc
  0x00007ffee17825e4:   cc cc cc cc cc cc cc cc cc cc cc cc cc cc cc cc
  0x00007ffee17825f4:   cc cc cc cc cc cc cc cc cc cc cc cc cc cc cc cc
  0x00007ffee1782604:   cc cc cc cc cc cc cc cc cc cc cc cc cc cc cc cc
  0x00007ffee1782614:   cc cc cc cc cc cc cc cc cc cc cc cc cc cc cc cc
  0x00007ffee1782624:   cc cc cc cc cc cc cc cc cc cc cc cc cc cc cc cc
  0x00007ffee1782634:   cc cc cc cc cc cc cc cc cc cc cc cc cc cc cc cc
  0x00007ffee1782644:   cc cc cc cc cc cc cc cc cc cc cc cc 40 57 48 83
  0x00007ffee1782654:   ec 20 48 8b f9 48 8b 0d 10 28 14 00 48 85 c9 74
  0x00007ffee1782664:   20 48 8b 01 48 8d 54 24 38 41 b8 06 00 01 00 4c
  0x00007ffee1782674:   8b 48 30 41 ff d1 85 c0 75 07 48 8b 4c 24 38 eb
  0x00007ffee1782684:   02 33 c9 4c 8b 05 ea 28 14 00 48 89 5c 24 30 4d
  0x00007ffee1782694:   85 c0 74 4a 48 8b 01 48 8b d7 4c 8b 88 28 03 00
  0x00007ffee17826a4:   00 41 ff d1 48 85 c0 74 35 48 63 0d f8 e6 13 00
  0x00007ffee17826b4:   48 8b 14 01 48 85 d2 74 15 48 63 05 fc e6 13 00
=>0x00007ffee17826c4:   8b 04 10 48 8b 5c 24 30 48 83 c4 20 5f c3 b8 ff
  0x00007ffee17826d4:   ff ff ff 48 8b 5c 24 30 48 83 c4 20 5f c3 80 3d
  0x00007ffee17826e4:   9b 27 14 00 00 bb ff ff ff ff 74 20 4c 8b 0d 31
  0x00007ffee17826f4:   24 14 00 4c 8d 44 24 38 48 8b 0d 15 24 14 00 48
  0x00007ffee1782704:   8b d7 41 ff d1 85 c0 0f 44 5c 24 38 8b c3 48 8b
  0x00007ffee1782714:   5c 24 30 48 83 c4 20 5f c3 cc cc cc cc cc cc cc
  0x00007ffee1782724:   cc cc cc cc cc cc cc cc cc cc cc cc cc cc cc cc
  0x00007ffee1782734:   cc cc cc cc cc cc cc cc cc cc cc cc cc cc cc cc
  0x00007ffee1782744:   cc cc cc cc cc cc cc cc cc cc cc cc 48 89 54 24
  0x00007ffee1782754:   10 53 55 56 57 41 56 41 57 48 83 ec 28 48 8b f2
  0x00007ffee1782764:   4c 8b f1 48 89 4c 24 78 45 33 ff 44 89 7c 24 68
  0x00007ffee1782774:   c7 44 24 60 01 00 00 00 48 8d 4c 24 68 e8 ed 42
  0x00007ffee1782784:   f7 ff 8b d8 48 8d 4c 24 60 e8 e1 42 f7 ff 8b e8
  0x00007ffee1782794:   49 8b ce e8 00 fc f6 ff 48 8b f8 90 8b c3 f0 0f
  0x00007ffee17827a4:   b1 2f 74 04 f3 90 eb f4 4c 89 3e 4c 89 7e 08 4c
  0x00007ffee17827b4:   89 7e 10 49 8b 6e 08 4d 8b 76 10 49 3b ee 0f 84


Stack slot to memory mapping:

stack at sp + 0 slots: 0x0000007f92efeed0 is pointing into the stack for thread: 0x000001975d43d3e0
stack at sp + 1 slots: 0x000001975d64f988 points into unknown readable memory: 0x0000000626401ed8 | d8 1e 40 26 06 00 00 00
stack at sp + 2 slots: 0x0 is null
stack at sp + 3 slots: 0x000001975d43db30 points into unknown readable memory: 0x6e616c2e6176616a | 6a 61 76 61 2e 6c 61 6e
stack at sp + 4 slots: 0x000000000000001e is an unknown value
stack at sp + 5 slots: 0x00007ffee1782b9b libasyncProfiler.dll
stack at sp + 6 slots: 0x0 is null
stack at sp + 7 slots: 0x000001975d43d7a8 points into unknown readable memory: 0x00007ffee30c17b0 | b0 17 0c e3 fe 7f 00 00

Lock stack of current Java thread (top to bottom):


---------------  P R O C E S S  ---------------

Threads class SMR info:
_java_thread_list=0x00000197a36af890, length=20, elements={
0x0000019738a07ab0, 0x000001975d435cc0, 0x000001975d438410, 0x000001975d43c8b0,
0x000001975d43d3e0, 0x000001975d43ea80, 0x000001975d440120, 0x000001975d44c680,
0x000001975d4706d0, 0x000001975d6693c0, 0x000001975d688520, 0x000001975d688c60,
0x00000197a3513950, 0x00000197a35a37b0, 0x00000197a35ab1c0, 0x00000197a35af150,
0x00000197a36afb40, 0x000001975d625370, 0x00000197a3a55ae0, 0x000001975d624c20
}

Java Threads: ( => current thread )
  0x0000019738a07ab0 JavaThread "main"                              [_thread_in_native, id=16936, stack(0x0000007f92300000,0x0000007f92400000) (1024K)]
  0x000001975d435cc0 JavaThread "Reference Handler"          daemon [_thread_blocked, id=13132, stack(0x0000007f92b00000,0x0000007f92c00000) (1024K)]
  0x000001975d438410 JavaThread "Finalizer"                  daemon [_thread_blocked, id=1460, stack(0x0000007f92c00000,0x0000007f92d00000) (1024K)]
  0x000001975d43c8b0 JavaThread "Signal Dispatcher"          daemon [_thread_blocked, id=6128, stack(0x0000007f92d00000,0x0000007f92e00000) (1024K)]
=>0x000001975d43d3e0 JavaThread "Attach Listener"            daemon [_thread_in_native, id=12248, stack(0x0000007f92e00000,0x0000007f92f00000) (1024K)]
  0x000001975d43ea80 JavaThread "Service Thread"             daemon [_thread_blocked, id=1700, stack(0x0000007f92f00000,0x0000007f93000000) (1024K)]
  0x000001975d440120 JavaThread "Monitor Deflation Thread"   daemon [_thread_blocked, id=15796, stack(0x0000007f93000000,0x0000007f93100000) (1024K)]
  0x000001975d44c680 JavaThread "C2 CompilerThread0"         daemon [_thread_blocked, id=2200, stack(0x0000007f93100000,0x0000007f93200000) (1024K)]
  0x000001975d4706d0 JavaThread "C1 CompilerThread0"         daemon [_thread_blocked, id=15920, stack(0x0000007f93200000,0x0000007f93300000) (1024K)]
  0x000001975d6693c0 JavaThread "Common-Cleaner"             daemon [_thread_blocked, id=14080, stack(0x0000007f93300000,0x0000007f93400000) (1024K)]
  0x000001975d688520 JavaThread "Monitor Ctrl-Break"         daemon [_thread_in_native, id=14160, stack(0x0000007f93400000,0x0000007f93500000) (1024K)]
  0x000001975d688c60 JavaThread "Notification Thread"        daemon [_thread_blocked, id=17268, stack(0x0000007f93500000,0x0000007f93600000) (1024K)]
  0x00000197a3513950 JavaThread "RMI TCP Accept-0"           daemon [_thread_in_native, id=3064, stack(0x0000007f93800000,0x0000007f93900000) (1024K)]
  0x00000197a35a37b0 JavaThread "RMI TCP Connection(1)-192.168.0.109" daemon [_thread_in_native, id=2528, stack(0x0000007f93900000,0x0000007f93a00000) (1024K)]
  0x00000197a35ab1c0 JavaThread "RMI Scheduler(0)"           daemon [_thread_blocked, id=11416, stack(0x0000007f93a00000,0x0000007f93b00000) (1024K)]
  0x00000197a35af150 JavaThread "JMX server connection timeout 31" daemon [_thread_blocked, id=14172, stack(0x0000007f93b00000,0x0000007f93c00000) (1024K)]
  0x00000197a36afb40 JavaThread "C2 CompilerThread1"         daemon [_thread_blocked, id=16072, stack(0x0000007f92100000,0x0000007f92200000) (1024K)]
  0x000001975d625370 JavaThread "JFR Recorder Thread"        daemon [_thread_in_native, id=13992, stack(0x0000007f93600000,0x0000007f93700000) (1024K)]
  0x00000197a3a55ae0 JavaThread "C2 CompilerThread2"         daemon [_thread_blocked, id=15912, stack(0x0000007f93700000,0x0000007f93800000) (1024K)]
  0x000001975d624c20 JavaThread "JFR Periodic Tasks"         daemon [_thread_blocked, id=13940, stack(0x0000007f93c00000,0x0000007f93d00000) (1024K)]
Total: 20

Other Threads:
  0x000001975ca92260 VMThread "VM Thread"                           [id=9384, stack(0x0000007f92a00000,0x0000007f92b00000) (1024K)]
  0x000001975ca83fa0 WatcherThread "VM Periodic Task Thread"        [id=5080, stack(0x0000007f92900000,0x0000007f92a00000) (1024K)]
  0x0000019738aaf300 WorkerThread "GC Thread#0"                     [id=12340, stack(0x0000007f92400000,0x0000007f92500000) (1024K)]
  0x0000019738ac3f00 ConcurrentGCThread "G1 Main Marker"            [id=5680, stack(0x0000007f92500000,0x0000007f92600000) (1024K)]
  0x0000019738ac5900 WorkerThread "G1 Conc#0"                       [id=16212, stack(0x0000007f92600000,0x0000007f92700000) (1024K)]
  0x000001975c9418a0 ConcurrentGCThread "G1 Refine#0"               [id=6292, stack(0x0000007f92700000,0x0000007f92800000) (1024K)]
  0x000001975c9430e0 ConcurrentGCThread "G1 Service"                [id=9380, stack(0x0000007f92800000,0x0000007f92900000) (1024K)]
Total: 7

Threads with active compile tasks:
Total: 0

VM state: not at safepoint (normal execution)

VM Mutex/Monitor currently owned by a thread: None

Heap address: 0x0000000606c00000, size: 8084 MB, Compressed Oops mode: Zero based, Oop shift amount: 3

CDS archive(s) mapped at: [0x000001975e000000-0x000001975ed40000-0x000001975ed40000), size 13893632, SharedBaseAddress: 0x000001975e000000, ArchiveRelocationMode: 1.
Compressed class space mapped at: 0x000001975f000000-0x000001979f000000, reserved size: 1073741824
UseCompressedClassPointers 1, UseCompactObjectHeaders 0
Narrow klass pointer bits 32, Max shift 3
Narrow klass base: 0x000001975e000000, Narrow klass shift: 0
Encoding Range: [0x000001975e000000 - 0x000001985e000000), (4294967296 bytes)
Klass Range:    [0x000001975e000000 - 0x000001979f000000), (1090519040 bytes)
Klass ID Range:  [8 - 1090519033) (1090519025)

GC Precious Log:
 CardTable entry size: 512
 Card Set container configuration: InlinePtr #cards 4 size 8 Array Of Cards #cards 32 size 80 Howl #buckets 8 coarsen threshold 7372 Howl Bitmap #cards 1024 size 144 coarsen threshold 921 Card regions per heap region 1 cards per card region 8192
 CPUs: 12 total, 12 available
 Memory: 32333M
 Large Page Support: Disabled
 NUMA Support: Disabled
 Compressed Oops: Enabled (Zero based)
 Heap Region Size: 4M
 Heap Min Capacity: 8M
 Heap Initial Capacity: 508M
 Heap Max Capacity: 8084M
 Pre-touch: Disabled
 Parallel Workers: 10
 Concurrent Workers: 3
 Concurrent Refinement Workers: 10
 Periodic GC: Disabled

Heap:
 garbage-first heap   total reserved 8278016K, committed 524288K, used 33904K [0x0000000606c00000, 0x0000000800000000)
  region size 4096K, 9 young (36864K), 0 survivors (0K)
 Metaspace       used 8073K, committed 8384K, reserved 1114112K
  class space    used 730K, committed 896K, reserved 1048576K

Heap Regions: E=young(eden), S=young(survivor), O=old, HS=humongous(starts), HC=humongous(continues), CS=collection set, F=free, TAMS=top-at-mark-start, PB=parsable bottom
|   0|0x0000000606c00000, 0x0000000606c00000, 0x0000000607000000|  0%| F|  |TAMS 0x0000000606c00000| PB 0x0000000606c00000| Untracked |  0
|   1|0x0000000607000000, 0x0000000607000000, 0x0000000607400000|  0%| F|  |TAMS 0x0000000607000000| PB 0x0000000607000000| Untracked |  0
|   2|0x0000000607400000, 0x0000000607400000, 0x0000000607800000|  0%| F|  |TAMS 0x0000000607400000| PB 0x0000000607400000| Untracked |  0
|   3|0x0000000607800000, 0x0000000607800000, 0x0000000607c00000|  0%| F|  |TAMS 0x0000000607800000| PB 0x0000000607800000| Untracked |  0
|   4|0x0000000607c00000, 0x0000000607c00000, 0x0000000608000000|  0%| F|  |TAMS 0x0000000607c00000| PB 0x0000000607c00000| Untracked |  0
|   5|0x0000000608000000, 0x0000000608000000, 0x0000000608400000|  0%| F|  |TAMS 0x0000000608000000| PB 0x0000000608000000| Untracked |  0
|   6|0x0000000608400000, 0x0000000608400000, 0x0000000608800000|  0%| F|  |TAMS 0x0000000608400000| PB 0x0000000608400000| Untracked |  0
|   7|0x0000000608800000, 0x0000000608800000, 0x0000000608c00000|  0%| F|  |TAMS 0x0000000608800000| PB 0x0000000608800000| Untracked |  0
|   8|0x0000000608c00000, 0x0000000608c00000, 0x0000000609000000|  0%| F|  |TAMS 0x0000000608c00000| PB 0x0000000608c00000| Untracked |  0
|   9|0x0000000609000000, 0x0000000609000000, 0x0000000609400000|  0%| F|  |TAMS 0x0000000609000000| PB 0x0000000609000000| Untracked |  0
|  10|0x0000000609400000, 0x0000000609400000, 0x0000000609800000|  0%| F|  |TAMS 0x0000000609400000| PB 0x0000000609400000| Untracked |  0
|  11|0x0000000609800000, 0x0000000609800000, 0x0000000609c00000|  0%| F|  |TAMS 0x0000000609800000| PB 0x0000000609800000| Untracked |  0
|  12|0x0000000609c00000, 0x0000000609c00000, 0x000000060a000000|  0%| F|  |TAMS 0x0000000609c00000| PB 0x0000000609c00000| Untracked |  0
|  13|0x000000060a000000, 0x000000060a000000, 0x000000060a400000|  0%| F|  |TAMS 0x000000060a000000| PB 0x000000060a000000| Untracked |  0
|  14|0x000000060a400000, 0x000000060a400000, 0x000000060a800000|  0%| F|  |TAMS 0x000000060a400000| PB 0x000000060a400000| Untracked |  0
|  15|0x000000060a800000, 0x000000060a800000, 0x000000060ac00000|  0%| F|  |TAMS 0x000000060a800000| PB 0x000000060a800000| Untracked |  0
|  16|0x000000060ac00000, 0x000000060ac00000, 0x000000060b000000|  0%| F|  |TAMS 0x000000060ac00000| PB 0x000000060ac00000| Untracked |  0
|  17|0x000000060b000000, 0x000000060b000000, 0x000000060b400000|  0%| F|  |TAMS 0x000000060b000000| PB 0x000000060b000000| Untracked |  0
|  18|0x000000060b400000, 0x000000060b400000, 0x000000060b800000|  0%| F|  |TAMS 0x000000060b400000| PB 0x000000060b400000| Untracked |  0
|  19|0x000000060b800000, 0x000000060b800000, 0x000000060bc00000|  0%| F|  |TAMS 0x000000060b800000| PB 0x000000060b800000| Untracked |  0
|  20|0x000000060bc00000, 0x000000060bc00000, 0x000000060c000000|  0%| F|  |TAMS 0x000000060bc00000| PB 0x000000060bc00000| Untracked |  0
|  21|0x000000060c000000, 0x000000060c000000, 0x000000060c400000|  0%| F|  |TAMS 0x000000060c000000| PB 0x000000060c000000| Untracked |  0
|  22|0x000000060c400000, 0x000000060c400000, 0x000000060c800000|  0%| F|  |TAMS 0x000000060c400000| PB 0x000000060c400000| Untracked |  0
|  23|0x000000060c800000, 0x000000060c800000, 0x000000060cc00000|  0%| F|  |TAMS 0x000000060c800000| PB 0x000000060c800000| Untracked |  0
|  24|0x000000060cc00000, 0x000000060cc00000, 0x000000060d000000|  0%| F|  |TAMS 0x000000060cc00000| PB 0x000000060cc00000| Untracked |  0
|  25|0x000000060d000000, 0x000000060d000000, 0x000000060d400000|  0%| F|  |TAMS 0x000000060d000000| PB 0x000000060d000000| Untracked |  0
|  26|0x000000060d400000, 0x000000060d400000, 0x000000060d800000|  0%| F|  |TAMS 0x000000060d400000| PB 0x000000060d400000| Untracked |  0
|  27|0x000000060d800000, 0x000000060d800000, 0x000000060dc00000|  0%| F|  |TAMS 0x000000060d800000| PB 0x000000060d800000| Untracked |  0
|  28|0x000000060dc00000, 0x000000060dc00000, 0x000000060e000000|  0%| F|  |TAMS 0x000000060dc00000| PB 0x000000060dc00000| Untracked |  0
|  29|0x000000060e000000, 0x000000060e000000, 0x000000060e400000|  0%| F|  |TAMS 0x000000060e000000| PB 0x000000060e000000| Untracked |  0
|  30|0x000000060e400000, 0x000000060e400000, 0x000000060e800000|  0%| F|  |TAMS 0x000000060e400000| PB 0x000000060e400000| Untracked |  0
|  31|0x000000060e800000, 0x000000060e800000, 0x000000060ec00000|  0%| F|  |TAMS 0x000000060e800000| PB 0x000000060e800000| Untracked |  0
|  32|0x000000060ec00000, 0x000000060ec00000, 0x000000060f000000|  0%| F|  |TAMS 0x000000060ec00000| PB 0x000000060ec00000| Untracked |  0
|  33|0x000000060f000000, 0x000000060f000000, 0x000000060f400000|  0%| F|  |TAMS 0x000000060f000000| PB 0x000000060f000000| Untracked |  0
|  34|0x000000060f400000, 0x000000060f400000, 0x000000060f800000|  0%| F|  |TAMS 0x000000060f400000| PB 0x000000060f400000| Untracked |  0
|  35|0x000000060f800000, 0x000000060f800000, 0x000000060fc00000|  0%| F|  |TAMS 0x000000060f800000| PB 0x000000060f800000| Untracked |  0
|  36|0x000000060fc00000, 0x000000060fc00000, 0x0000000610000000|  0%| F|  |TAMS 0x000000060fc00000| PB 0x000000060fc00000| Untracked |  0
|  37|0x0000000610000000, 0x0000000610000000, 0x0000000610400000|  0%| F|  |TAMS 0x0000000610000000| PB 0x0000000610000000| Untracked |  0
|  38|0x0000000610400000, 0x0000000610400000, 0x0000000610800000|  0%| F|  |TAMS 0x0000000610400000| PB 0x0000000610400000| Untracked |  0
|  39|0x0000000610800000, 0x0000000610800000, 0x0000000610c00000|  0%| F|  |TAMS 0x0000000610800000| PB 0x0000000610800000| Untracked |  0
|  40|0x0000000610c00000, 0x0000000610c00000, 0x0000000611000000|  0%| F|  |TAMS 0x0000000610c00000| PB 0x0000000610c00000| Untracked |  0
|  41|0x0000000611000000, 0x0000000611000000, 0x0000000611400000|  0%| F|  |TAMS 0x0000000611000000| PB 0x0000000611000000| Untracked |  0
|  42|0x0000000611400000, 0x0000000611400000, 0x0000000611800000|  0%| F|  |TAMS 0x0000000611400000| PB 0x0000000611400000| Untracked |  0
|  43|0x0000000611800000, 0x0000000611800000, 0x0000000611c00000|  0%| F|  |TAMS 0x0000000611800000| PB 0x0000000611800000| Untracked |  0
|  44|0x0000000611c00000, 0x0000000611c00000, 0x0000000612000000|  0%| F|  |TAMS 0x0000000611c00000| PB 0x0000000611c00000| Untracked |  0
|  45|0x0000000612000000, 0x0000000612000000, 0x0000000612400000|  0%| F|  |TAMS 0x0000000612000000| PB 0x0000000612000000| Untracked |  0
|  46|0x0000000612400000, 0x0000000612400000, 0x0000000612800000|  0%| F|  |TAMS 0x0000000612400000| PB 0x0000000612400000| Untracked |  0
|  47|0x0000000612800000, 0x0000000612800000, 0x0000000612c00000|  0%| F|  |TAMS 0x0000000612800000| PB 0x0000000612800000| Untracked |  0
|  48|0x0000000612c00000, 0x0000000612c00000, 0x0000000613000000|  0%| F|  |TAMS 0x0000000612c00000| PB 0x0000000612c00000| Untracked |  0
|  49|0x0000000613000000, 0x0000000613000000, 0x0000000613400000|  0%| F|  |TAMS 0x0000000613000000| PB 0x0000000613000000| Untracked |  0
|  50|0x0000000613400000, 0x0000000613400000, 0x0000000613800000|  0%| F|  |TAMS 0x0000000613400000| PB 0x0000000613400000| Untracked |  0
|  51|0x0000000613800000, 0x0000000613800000, 0x0000000613c00000|  0%| F|  |TAMS 0x0000000613800000| PB 0x0000000613800000| Untracked |  0
|  52|0x0000000613c00000, 0x0000000613c00000, 0x0000000614000000|  0%| F|  |TAMS 0x0000000613c00000| PB 0x0000000613c00000| Untracked |  0
|  53|0x0000000614000000, 0x0000000614000000, 0x0000000614400000|  0%| F|  |TAMS 0x0000000614000000| PB 0x0000000614000000| Untracked |  0
|  54|0x0000000614400000, 0x0000000614400000, 0x0000000614800000|  0%| F|  |TAMS 0x0000000614400000| PB 0x0000000614400000| Untracked |  0
|  55|0x0000000614800000, 0x0000000614800000, 0x0000000614c00000|  0%| F|  |TAMS 0x0000000614800000| PB 0x0000000614800000| Untracked |  0
|  56|0x0000000614c00000, 0x0000000614c00000, 0x0000000615000000|  0%| F|  |TAMS 0x0000000614c00000| PB 0x0000000614c00000| Untracked |  0
|  57|0x0000000615000000, 0x0000000615000000, 0x0000000615400000|  0%| F|  |TAMS 0x0000000615000000| PB 0x0000000615000000| Untracked |  0
|  58|0x0000000615400000, 0x0000000615400000, 0x0000000615800000|  0%| F|  |TAMS 0x0000000615400000| PB 0x0000000615400000| Untracked |  0
|  59|0x0000000615800000, 0x0000000615800000, 0x0000000615c00000|  0%| F|  |TAMS 0x0000000615800000| PB 0x0000000615800000| Untracked |  0
|  60|0x0000000615c00000, 0x0000000615c00000, 0x0000000616000000|  0%| F|  |TAMS 0x0000000615c00000| PB 0x0000000615c00000| Untracked |  0
|  61|0x0000000616000000, 0x0000000616000000, 0x0000000616400000|  0%| F|  |TAMS 0x0000000616000000| PB 0x0000000616000000| Untracked |  0
|  62|0x0000000616400000, 0x0000000616400000, 0x0000000616800000|  0%| F|  |TAMS 0x0000000616400000| PB 0x0000000616400000| Untracked |  0
|  63|0x0000000616800000, 0x0000000616800000, 0x0000000616c00000|  0%| F|  |TAMS 0x0000000616800000| PB 0x0000000616800000| Untracked |  0
|  64|0x0000000616c00000, 0x0000000616c00000, 0x0000000617000000|  0%| F|  |TAMS 0x0000000616c00000| PB 0x0000000616c00000| Untracked |  0
|  65|0x0000000617000000, 0x0000000617000000, 0x0000000617400000|  0%| F|  |TAMS 0x0000000617000000| PB 0x0000000617000000| Untracked |  0
|  66|0x0000000617400000, 0x0000000617400000, 0x0000000617800000|  0%| F|  |TAMS 0x0000000617400000| PB 0x0000000617400000| Untracked |  0
|  67|0x0000000617800000, 0x0000000617800000, 0x0000000617c00000|  0%| F|  |TAMS 0x0000000617800000| PB 0x0000000617800000| Untracked |  0
|  68|0x0000000617c00000, 0x0000000617c00000, 0x0000000618000000|  0%| F|  |TAMS 0x0000000617c00000| PB 0x0000000617c00000| Untracked |  0
|  69|0x0000000618000000, 0x0000000618000000, 0x0000000618400000|  0%| F|  |TAMS 0x0000000618000000| PB 0x0000000618000000| Untracked |  0
|  70|0x0000000618400000, 0x0000000618400000, 0x0000000618800000|  0%| F|  |TAMS 0x0000000618400000| PB 0x0000000618400000| Untracked |  0
|  71|0x0000000618800000, 0x0000000618800000, 0x0000000618c00000|  0%| F|  |TAMS 0x0000000618800000| PB 0x0000000618800000| Untracked |  0
|  72|0x0000000618c00000, 0x0000000618c00000, 0x0000000619000000|  0%| F|  |TAMS 0x0000000618c00000| PB 0x0000000618c00000| Untracked |  0
|  73|0x0000000619000000, 0x0000000619000000, 0x0000000619400000|  0%| F|  |TAMS 0x0000000619000000| PB 0x0000000619000000| Untracked |  0
|  74|0x0000000619400000, 0x0000000619400000, 0x0000000619800000|  0%| F|  |TAMS 0x0000000619400000| PB 0x0000000619400000| Untracked |  0
|  75|0x0000000619800000, 0x0000000619800000, 0x0000000619c00000|  0%| F|  |TAMS 0x0000000619800000| PB 0x0000000619800000| Untracked |  0
|  76|0x0000000619c00000, 0x0000000619c00000, 0x000000061a000000|  0%| F|  |TAMS 0x0000000619c00000| PB 0x0000000619c00000| Untracked |  0
|  77|0x000000061a000000, 0x000000061a000000, 0x000000061a400000|  0%| F|  |TAMS 0x000000061a000000| PB 0x000000061a000000| Untracked |  0
|  78|0x000000061a400000, 0x000000061a400000, 0x000000061a800000|  0%| F|  |TAMS 0x000000061a400000| PB 0x000000061a400000| Untracked |  0
|  79|0x000000061a800000, 0x000000061a800000, 0x000000061ac00000|  0%| F|  |TAMS 0x000000061a800000| PB 0x000000061a800000| Untracked |  0
|  80|0x000000061ac00000, 0x000000061ac00000, 0x000000061b000000|  0%| F|  |TAMS 0x000000061ac00000| PB 0x000000061ac00000| Untracked |  0
|  81|0x000000061b000000, 0x000000061b000000, 0x000000061b400000|  0%| F|  |TAMS 0x000000061b000000| PB 0x000000061b000000| Untracked |  0
|  82|0x000000061b400000, 0x000000061b400000, 0x000000061b800000|  0%| F|  |TAMS 0x000000061b400000| PB 0x000000061b400000| Untracked |  0
|  83|0x000000061b800000, 0x000000061b800000, 0x000000061bc00000|  0%| F|  |TAMS 0x000000061b800000| PB 0x000000061b800000| Untracked |  0
|  84|0x000000061bc00000, 0x000000061bc00000, 0x000000061c000000|  0%| F|  |TAMS 0x000000061bc00000| PB 0x000000061bc00000| Untracked |  0
|  85|0x000000061c000000, 0x000000061c000000, 0x000000061c400000|  0%| F|  |TAMS 0x000000061c000000| PB 0x000000061c000000| Untracked |  0
|  86|0x000000061c400000, 0x000000061c400000, 0x000000061c800000|  0%| F|  |TAMS 0x000000061c400000| PB 0x000000061c400000| Untracked |  0
|  87|0x000000061c800000, 0x000000061c800000, 0x000000061cc00000|  0%| F|  |TAMS 0x000000061c800000| PB 0x000000061c800000| Untracked |  0
|  88|0x000000061cc00000, 0x000000061cc00000, 0x000000061d000000|  0%| F|  |TAMS 0x000000061cc00000| PB 0x000000061cc00000| Untracked |  0
|  89|0x000000061d000000, 0x000000061d000000, 0x000000061d400000|  0%| F|  |TAMS 0x000000061d000000| PB 0x000000061d000000| Untracked |  0
|  90|0x000000061d400000, 0x000000061d400000, 0x000000061d800000|  0%| F|  |TAMS 0x000000061d400000| PB 0x000000061d400000| Untracked |  0
|  91|0x000000061d800000, 0x000000061d800000, 0x000000061dc00000|  0%| F|  |TAMS 0x000000061d800000| PB 0x000000061d800000| Untracked |  0
|  92|0x000000061dc00000, 0x000000061dc00000, 0x000000061e000000|  0%| F|  |TAMS 0x000000061dc00000| PB 0x000000061dc00000| Untracked |  0
|  93|0x000000061e000000, 0x000000061e000000, 0x000000061e400000|  0%| F|  |TAMS 0x000000061e000000| PB 0x000000061e000000| Untracked |  0
|  94|0x000000061e400000, 0x000000061e400000, 0x000000061e800000|  0%| F|  |TAMS 0x000000061e400000| PB 0x000000061e400000| Untracked |  0
|  95|0x000000061e800000, 0x000000061e800000, 0x000000061ec00000|  0%| F|  |TAMS 0x000000061e800000| PB 0x000000061e800000| Untracked |  0
|  96|0x000000061ec00000, 0x000000061ec00000, 0x000000061f000000|  0%| F|  |TAMS 0x000000061ec00000| PB 0x000000061ec00000| Untracked |  0
|  97|0x000000061f000000, 0x000000061f000000, 0x000000061f400000|  0%| F|  |TAMS 0x000000061f000000| PB 0x000000061f000000| Untracked |  0
|  98|0x000000061f400000, 0x000000061f400000, 0x000000061f800000|  0%| F|  |TAMS 0x000000061f400000| PB 0x000000061f400000| Untracked |  0
|  99|0x000000061f800000, 0x000000061f800000, 0x000000061fc00000|  0%| F|  |TAMS 0x000000061f800000| PB 0x000000061f800000| Untracked |  0
| 100|0x000000061fc00000, 0x000000061fc00000, 0x0000000620000000|  0%| F|  |TAMS 0x000000061fc00000| PB 0x000000061fc00000| Untracked |  0
| 101|0x0000000620000000, 0x0000000620000000, 0x0000000620400000|  0%| F|  |TAMS 0x0000000620000000| PB 0x0000000620000000| Untracked |  0
| 102|0x0000000620400000, 0x0000000620400000, 0x0000000620800000|  0%| F|  |TAMS 0x0000000620400000| PB 0x0000000620400000| Untracked |  0
| 103|0x0000000620800000, 0x0000000620800000, 0x0000000620c00000|  0%| F|  |TAMS 0x0000000620800000| PB 0x0000000620800000| Untracked |  0
| 104|0x0000000620c00000, 0x0000000620c00000, 0x0000000621000000|  0%| F|  |TAMS 0x0000000620c00000| PB 0x0000000620c00000| Untracked |  0
| 105|0x0000000621000000, 0x0000000621000000, 0x0000000621400000|  0%| F|  |TAMS 0x0000000621000000| PB 0x0000000621000000| Untracked |  0
| 106|0x0000000621400000, 0x0000000621400000, 0x0000000621800000|  0%| F|  |TAMS 0x0000000621400000| PB 0x0000000621400000| Untracked |  0
| 107|0x0000000621800000, 0x0000000621800000, 0x0000000621c00000|  0%| F|  |TAMS 0x0000000621800000| PB 0x0000000621800000| Untracked |  0
| 108|0x0000000621c00000, 0x0000000621c00000, 0x0000000622000000|  0%| F|  |TAMS 0x0000000621c00000| PB 0x0000000621c00000| Untracked |  0
| 109|0x0000000622000000, 0x0000000622000000, 0x0000000622400000|  0%| F|  |TAMS 0x0000000622000000| PB 0x0000000622000000| Untracked |  0
| 110|0x0000000622400000, 0x0000000622400000, 0x0000000622800000|  0%| F|  |TAMS 0x0000000622400000| PB 0x0000000622400000| Untracked |  0
| 111|0x0000000622800000, 0x0000000622800000, 0x0000000622c00000|  0%| F|  |TAMS 0x0000000622800000| PB 0x0000000622800000| Untracked |  0
| 112|0x0000000622c00000, 0x0000000622c00000, 0x0000000623000000|  0%| F|  |TAMS 0x0000000622c00000| PB 0x0000000622c00000| Untracked |  0
| 113|0x0000000623000000, 0x0000000623000000, 0x0000000623400000|  0%| F|  |TAMS 0x0000000623000000| PB 0x0000000623000000| Untracked |  0
| 114|0x0000000623400000, 0x0000000623400000, 0x0000000623800000|  0%| F|  |TAMS 0x0000000623400000| PB 0x0000000623400000| Untracked |  0
| 115|0x0000000623800000, 0x0000000623800000, 0x0000000623c00000|  0%| F|  |TAMS 0x0000000623800000| PB 0x0000000623800000| Untracked |  0
| 116|0x0000000623c00000, 0x0000000623c00000, 0x0000000624000000|  0%| F|  |TAMS 0x0000000623c00000| PB 0x0000000623c00000| Untracked |  0
| 117|0x0000000624000000, 0x0000000624000000, 0x0000000624400000|  0%| F|  |TAMS 0x0000000624000000| PB 0x0000000624000000| Untracked |  0
| 118|0x0000000624400000, 0x00000006244f5c48, 0x0000000624800000| 24%| E|  |TAMS 0x0000000624400000| PB 0x0000000624400000| Complete |  0
| 119|0x0000000624800000, 0x0000000624c00000, 0x0000000624c00000|100%| E|CS|TAMS 0x0000000624800000| PB 0x0000000624800000| Complete |  0
| 120|0x0000000624c00000, 0x0000000625000000, 0x0000000625000000|100%| E|CS|TAMS 0x0000000624c00000| PB 0x0000000624c00000| Complete |  0
| 121|0x0000000625000000, 0x0000000625400000, 0x0000000625400000|100%| E|CS|TAMS 0x0000000625000000| PB 0x0000000625000000| Complete |  0
| 122|0x0000000625400000, 0x0000000625800000, 0x0000000625800000|100%| E|CS|TAMS 0x0000000625400000| PB 0x0000000625400000| Complete |  0
| 123|0x0000000625800000, 0x0000000625c00000, 0x0000000625c00000|100%| E|CS|TAMS 0x0000000625800000| PB 0x0000000625800000| Complete |  0
| 124|0x0000000625c00000, 0x0000000626000000, 0x0000000626000000|100%| E|CS|TAMS 0x0000000625c00000| PB 0x0000000625c00000| Complete |  0
| 125|0x0000000626000000, 0x0000000626400000, 0x0000000626400000|100%| E|CS|TAMS 0x0000000626000000| PB 0x0000000626000000| Complete |  0
| 126|0x0000000626400000, 0x0000000626800000, 0x0000000626800000|100%| E|CS|TAMS 0x0000000626400000| PB 0x0000000626400000| Complete |  0
|2020|0x00000007ffc00000, 0x00000007ffd1c288, 0x0000000800000000| 27%| O|  |TAMS 0x00000007ffc00000| PB 0x00000007ffc00000| Untracked |  0

Card table byte_map: [0x00000197518e0000,0x00000197528b0000] _byte_map_base: 0x000001974e8aa000

Marking Bits: (CMBitMap*) 0x0000019738aafa10
 Bits: [0x00000197528b0000, 0x000001975a700000)

Polling page: 0x00000197381d0000

Metaspace:

Usage:
  Non-class:      7.17 MB used.
      Class:    730.88 KB used.
       Both:      7.88 MB used.

Virtual space:
  Non-class space:       64.00 MB reserved,       7.31 MB ( 11%) committed,  1 nodes.
      Class space:        1.00 GB reserved,     896.00 KB ( <1%) committed,  1 nodes.
             Both:        1.06 GB reserved,       8.19 MB ( <1%) committed. 

Chunk freelists:
   Non-Class:  8.47 MB
       Class:  15.19 MB
        Both:  23.66 MB

MaxMetaspaceSize: unlimited
CompressedClassSpaceSize: 1.00 GB
Initial GC threshold: 21.00 MB
Current GC threshold: 21.00 MB
CDS: on
 - commit_granule_bytes: 65536.
 - commit_granule_words: 8192.
 - virtual_space_node_default_size: 8388608.
 - enlarge_chunks_in_place: 1.
UseCompressedClassPointers 1, UseCompactObjectHeaders 0
Narrow klass pointer bits 32, Max shift 3
Narrow klass base: 0x000001975e000000, Narrow klass shift: 0
Encoding Range: [0x000001975e000000 - 0x000001985e000000), (4294967296 bytes)
Klass Range:    [0x000001975e000000 - 0x000001979f000000), (1090519040 bytes)
Klass ID Range:  [8 - 1090519033) (1090519025)


Internal statistics:

num_allocs_failed_limit: 0.
num_arena_births: 204.
num_arena_deaths: 0.
num_vsnodes_births: 2.
num_vsnodes_deaths: 0.
num_space_committed: 131.
num_space_uncommitted: 0.
num_chunks_returned_to_freelist: 0.
num_chunks_taken_from_freelist: 291.
num_chunk_merges: 0.
num_chunk_splits: 161.
num_chunks_enlarged: 41.
num_inconsistent_stats: 0.

CodeHeap 'non-profiled nmethods': size=120064Kb used=699Kb max_used=699Kb free=119364Kb
 bounds [0x0000019748d70000, 0x0000019748fe0000, 0x00000197502b0000]
CodeHeap 'profiled nmethods': size=120000Kb used=3257Kb max_used=3257Kb free=116742Kb
 bounds [0x00000197412b0000, 0x00000197415e0000, 0x00000197487e0000]
CodeHeap 'non-nmethods': size=5696Kb used=1463Kb max_used=1528Kb free=4232Kb
 bounds [0x00000197487e0000, 0x0000019748a50000, 0x0000019748d70000]
CodeCache: size=245760Kb, used=5419Kb, max_used=5484Kb, free=240338Kb
 total_blobs=2710, nmethods=2202, adapters=413, full_count=0
Compilation: enabled, stopped_count=0, restarted_count=0

Compilation events (20 events):
Event: 117.557 Thread 0x000001975d4706d0 nmethod 2193 0x0000019748e1a808 code [0x0000019748e1a900, 0x0000019748e1a9c8]
Event: 117.557 Thread 0x000001975d4706d0 2198       1       jdk.jfr.internal.PlatformEventType::isEnabled (5 bytes)
Event: 117.557 Thread 0x000001975d4706d0 nmethod 2198 0x0000019748e1ab08 code [0x0000019748e1ac00, 0x0000019748e1acc8]
Event: 117.557 Thread 0x000001975d4706d0 2195       1       jdk.jfr.internal.EventControl::getEventType (5 bytes)
Event: 117.557 Thread 0x000001975d4706d0 nmethod 2195 0x0000019748e1ae08 code [0x0000019748e1af00, 0x0000019748e1afc8]
Event: 117.557 Thread 0x000001975d4706d0 2196       1       jdk.jfr.internal.EventControl::getSettingsId (5 bytes)
Event: 117.557 Thread 0x000001975d4706d0 nmethod 2196 0x0000019748e1b108 code [0x0000019748e1b200, 0x0000019748e1b2c8]
Event: 117.557 Thread 0x000001975d4706d0 2197       1       jdk.jfr.internal.EventControl::getNamedControls (5 bytes)
Event: 117.557 Thread 0x000001975d4706d0 nmethod 2197 0x0000019748e1b408 code [0x0000019748e1b500, 0x0000019748e1b5c8]
Event: 117.557 Thread 0x00000197a36afb40 nmethod 2178 0x0000019748e1b708 code [0x0000019748e1b840, 0x0000019748e1bdd0]
Event: 117.558 Thread 0x00000197a3a55ae0 nmethod 2181 0x0000019748e1be08 code [0x0000019748e1bf40, 0x0000019748e1c450]
Event: 117.560 Thread 0x000001975d4706d0 2199       1       jdk.jfr.internal.periodic.EventTask::getEventType (5 bytes)
Event: 117.560 Thread 0x000001975d4706d0 nmethod 2199 0x0000019748e1c508 code [0x0000019748e1c600, 0x0000019748e1c6c8]
Event: 117.560 Thread 0x000001975d4706d0 2200       1       jdk.jfr.internal.periodic.PeriodicTask::getPeriod (5 bytes)
Event: 117.560 Thread 0x000001975d44c680 nmethod 2174 0x0000019748e1c808 code [0x0000019748e1cae0, 0x0000019748e1ea80]
Event: 117.560 Thread 0x000001975d4706d0 nmethod 2200 0x0000019748e1eb88 code [0x0000019748e1ec80, 0x0000019748e1ed48]
Event: 117.560 Thread 0x000001975d4706d0 2201       3       java.util.Comparator$$Lambda/0x000001975f0a2558::compare (10 bytes)
Event: 117.560 Thread 0x000001975d4706d0 nmethod 2201 0x00000197415dda88 code [0x00000197415ddbe0, 0x00000197415de058]
Event: 117.560 Thread 0x000001975d4706d0 2202       3       java.util.Comparator::lambda$comparingLong$6043328a$1 (18 bytes)
Event: 117.560 Thread 0x000001975d4706d0 nmethod 2202 0x00000197415de088 code [0x00000197415de1e0, 0x00000197415de5c0]

GC Heap History (0 events):
No events

Dll operation events (12 events):
Event: 0.007 Loaded shared library C:\Users\DrozzzD35\.jdks\openjdk-24.0.1\bin\java.dll
Event: 0.024 Loaded shared library C:\Users\DrozzzD35\.jdks\openjdk-24.0.1\bin\jsvml.dll
Event: 0.046 Loaded shared library C:\Users\DrozzzD35\.jdks\openjdk-24.0.1\bin\zip.dll
Event: 0.048 Loaded shared library C:\Users\DrozzzD35\.jdks\openjdk-24.0.1\bin\instrument.dll
Event: 0.050 Loaded shared library C:\Users\DrozzzD35\.jdks\openjdk-24.0.1\bin\net.dll
Event: 0.052 Loaded shared library C:\Users\DrozzzD35\.jdks\openjdk-24.0.1\bin\nio.dll
Event: 0.054 Loaded shared library C:\Users\DrozzzD35\.jdks\openjdk-24.0.1\bin\zip.dll
Event: 0.066 Loaded shared library C:\Users\DrozzzD35\.jdks\openjdk-24.0.1\bin\jimage.dll
Event: 0.067 Loaded shared library C:\Users\DrozzzD35\.jdks\openjdk-24.0.1\bin\extnet.dll
Event: 0.127 Loaded shared library C:\Users\DrozzzD35\.jdks\openjdk-24.0.1\bin\management.dll
Event: 0.136 Loaded shared library C:\Users\DrozzzD35\.jdks\openjdk-24.0.1\bin\management_ext.dll
Event: 117.449 Loaded shared library C:\Users\DrozzzD35\AppData\Local\Temp\idea_libasyncProfiler_dll_temp_folder2\libasyncProfiler.dll

Deoptimization events (20 events):
Event: 117.514 Thread 0x000001975d43d3e0 Uncommon trap: trap_request=0xffffff4d fr.pc=0x0000019748e05660 relative=0x00000000000000c0
Event: 117.514 Thread 0x000001975d43d3e0 Uncommon trap: reason=unstable_if action=reinterpret pc=0x0000019748e05660 method=jdk.jfr.internal.Type.getKnownType(Ljava/lang/Class;)Ljdk/jfr/internal/Type; @ 47 c2
Event: 117.514 Thread 0x000001975d43d3e0 DEOPT PACKING pc=0x0000019748e05660 sp=0x0000007f92efdfc0
Event: 117.514 Thread 0x000001975d43d3e0 DEOPT UNPACKING pc=0x0000019748907202 sp=0x0000007f92efdf58 mode 2
Event: 117.519 Thread 0x000001975d43d3e0 Uncommon trap: trap_request=0xffffff4d fr.pc=0x0000019748df4720 relative=0x0000000000000360
Event: 117.519 Thread 0x000001975d43d3e0 Uncommon trap: reason=unstable_if action=reinterpret pc=0x0000019748df4720 method=java.util.concurrent.ConcurrentHashMap.get(Ljava/lang/Object;)Ljava/lang/Object; @ 76 c2
Event: 117.519 Thread 0x000001975d43d3e0 DEOPT PACKING pc=0x0000019748df4720 sp=0x0000007f92efdfe0
Event: 117.519 Thread 0x000001975d43d3e0 DEOPT UNPACKING pc=0x0000019748907202 sp=0x0000007f92efdf58 mode 2
Event: 117.522 Thread 0x000001975d43d3e0 Uncommon trap: trap_request=0xffffffcc fr.pc=0x0000019748e0b1fc relative=0x00000000000003bc
Event: 117.522 Thread 0x000001975d43d3e0 Uncommon trap: reason=intrinsic_or_type_checked_inlining action=make_not_entrant pc=0x0000019748e0b1fc method=java.util.Arrays.copyOf([Ljava/lang/Object;ILjava/lang/Class;)[Ljava/lang/Object; @ 35 c2
Event: 117.522 Thread 0x000001975d43d3e0 DEOPT PACKING pc=0x0000019748e0b1fc sp=0x0000007f92efe140
Event: 117.522 Thread 0x000001975d43d3e0 DEOPT UNPACKING pc=0x0000019748907202 sp=0x0000007f92efe0d0 mode 2
Event: 117.550 Thread 0x000001975d43d3e0 Uncommon trap: trap_request=0xffffff4d fr.pc=0x0000019748e163ac relative=0x000000000000020c
Event: 117.550 Thread 0x000001975d43d3e0 Uncommon trap: reason=unstable_if action=reinterpret pc=0x0000019748e163ac method=java.io.ByteArrayOutputStream.ensureCapacity(I)V @ 11 c2
Event: 117.550 Thread 0x000001975d43d3e0 DEOPT PACKING pc=0x0000019748e163ac sp=0x0000007f92efe450
Event: 117.550 Thread 0x000001975d43d3e0 DEOPT UNPACKING pc=0x0000019748907202 sp=0x0000007f92efe388 mode 2
Event: 117.552 Thread 0x000001975d43d3e0 Uncommon trap: trap_request=0xffffff4d fr.pc=0x0000019748e16970 relative=0x00000000000003d0
Event: 117.552 Thread 0x000001975d43d3e0 Uncommon trap: reason=unstable_if action=reinterpret pc=0x0000019748e16970 method=java.io.ByteArrayOutputStream.ensureCapacity(I)V @ 11 c2
Event: 117.552 Thread 0x000001975d43d3e0 DEOPT PACKING pc=0x0000019748e16970 sp=0x0000007f92efe3b0
Event: 117.552 Thread 0x000001975d43d3e0 DEOPT UNPACKING pc=0x0000019748907202 sp=0x0000007f92efe290 mode 2

Classes loaded (20 events):
Event: 117.543 Loading class jdk/jfr/internal/MetadataWriter
Event: 117.543 Loading class jdk/jfr/internal/MetadataWriter done
Event: 117.543 Loading class jdk/jfr/internal/MetadataDescriptor$Element
Event: 117.543 Loading class jdk/jfr/internal/MetadataDescriptor$Element done
Event: 117.543 Loading class jdk/jfr/internal/MetadataDescriptor$Attribute
Event: 117.544 Loading class jdk/jfr/internal/MetadataDescriptor$Attribute done
Event: 117.548 Loading class jdk/jfr/internal/consumer/StringParser$Encoding
Event: 117.548 Loading class jdk/jfr/internal/consumer/StringParser$Encoding done
Event: 117.554 Loading class jdk/jfr/internal/consumer/RepositoryFiles
Event: 117.554 Loading class jdk/jfr/internal/consumer/RepositoryFiles done
Event: 117.555 Loading class jdk/jfr/internal/SettingsManager$InternalSetting
Event: 117.555 Loading class jdk/jfr/internal/SettingsManager$InternalSetting done
Event: 117.556 Loading class jdk/jfr/internal/util/Rate
Event: 117.556 Loading class jdk/jfr/internal/util/Rate done
Event: 117.556 Loading class jdk/jfr/internal/util/TimespanUnit
Event: 117.556 Loading class jdk/jfr/internal/util/TimespanUnit done
Event: 117.556 Loading class jdk/jfr/internal/util/ValueParser
Event: 117.556 Loading class jdk/jfr/internal/util/ValueParser done
Event: 117.557 Loading class jdk/jfr/internal/periodic/PeriodicType
Event: 117.557 Loading class jdk/jfr/internal/periodic/PeriodicType done

Classes unloaded (0 events):
No events

Classes redefined (0 events):
No events

Internal exceptions (20 events):
Event: 0.391 Thread 0x00000197a35a37b0 Exception <a 'java/lang/NoSuchMethodError'{0x0000000625bd83a0}: 'java.lang.Object java.lang.invoke.DirectMethodHandle$Holder.invokeStatic(java.lang.Object, java.lang.Object, java.lang.Object, java.lang.Object, java.lang.Object, java.lang.Object, java.lang.Object, java.lang.Object)'> (0x0000000625bd83a0) 
thrown [s\open\src\hotspot\share\interpreter\linkResolver.cpp, line 805]
Event: 0.393 Thread 0x00000197a35a37b0 Exception <a 'java/lang/NoSuchMethodError'{0x0000000625517db8}: 'java.lang.Object java.lang.invoke.DirectMethodHandle$Holder.invokeStatic(java.lang.Object, java.lang.Object, java.lang.Object, java.lang.Object, java.lang.Object, java.lang.Object, java.lang.Object, java.lang.Object, java.lang.Object)'> (0x0000000625517db8) 
thrown [s\open\src\hotspot\share\interpreter\linkResolver.cpp, line 805]
Event: 0.394 Thread 0x00000197a35a37b0 Exception <a 'java/lang/NoSuchMethodError'{0x000000062552b268}: 'java.lang.Object java.lang.invoke.Invokers$Holder.invokeExact_MT(java.lang.Object, java.lang.Object, java.lang.Object, java.lang.Object, java.lang.Object, java.lang.Object)'> (0x000000062552b268) 
thrown [s\open\src\hotspot\share\interpreter\linkResolver.cpp, line 805]
Event: 0.403 Thread 0x00000197a35a37b0 Exception <a 'java/lang/NoSuchMethodError'{0x0000000625536ff8}: 'java.lang.Object java.lang.invoke.DirectMethodHandle$Holder.invokeInterface(java.lang.Object, java.lang.Object, java.lang.Object, java.lang.Object, java.lang.Object)'> (0x0000000625536ff8) 
thrown [s\open\src\hotspot\share\interpreter\linkResolver.cpp, line 805]
Event: 0.406 Thread 0x00000197a35a37b0 Exception <a 'java/lang/NoSuchMethodError'{0x0000000625581978}: 'double java.lang.invoke.DirectMethodHandle$Holder.invokeInterface(java.lang.Object, java.lang.Object)'> (0x0000000625581978) 
thrown [s\open\src\hotspot\share\interpreter\linkResolver.cpp, line 805]
Event: 0.407 Thread 0x00000197a35a37b0 Exception <a 'java/lang/NoSuchMethodError'{0x00000006255925e8}: 'double java.lang.invoke.DelegatingMethodHandle$Holder.reinvoke_L(java.lang.Object, java.lang.Object)'> (0x00000006255925e8) 
thrown [s\open\src\hotspot\share\interpreter\linkResolver.cpp, line 805]
Event: 0.624 Thread 0x00000197a35a37b0 Exception <a 'java/lang/NoSuchMethodError'{0x00000006255ba2b8}: 'long java.lang.invoke.DirectMethodHandle$Holder.invokeVirtual(java.lang.Object, java.lang.Object)'> (0x00000006255ba2b8) 
thrown [s\open\src\hotspot\share\interpreter\linkResolver.cpp, line 805]
Event: 0.625 Thread 0x00000197a35a37b0 Exception <a 'java/lang/NoSuchMethodError'{0x00000006255c25a8}: 'java.lang.Object java.lang.invoke.DirectMethodHandle$Holder.invokeStatic(java.lang.Object, long)'> (0x00000006255c25a8) 
thrown [s\open\src\hotspot\share\interpreter\linkResolver.cpp, line 805]
Event: 0.625 Thread 0x00000197a35a37b0 Exception <a 'java/lang/NoSuchMethodError'{0x00000006255d2650}: 'long java.lang.invoke.DelegatingMethodHandle$Holder.reinvoke_L(java.lang.Object, java.lang.Object)'> (0x00000006255d2650) 
thrown [s\open\src\hotspot\share\interpreter\linkResolver.cpp, line 805]
Event: 117.469 Thread 0x000001975d43d3e0 Implicit null exception at 0x0000019748d94539 to 0x0000019748d94f74
Event: 117.475 Thread 0x000001975d43d3e0 Exception <a 'java/lang/NoSuchMethodError'{0x0000000625236690}: 'void java.lang.invoke.DirectMethodHandle$Holder.invokeStaticInit(java.lang.Object)'> (0x0000000625236690) 
thrown [s\open\src\hotspot\share\interpreter\linkResolver.cpp, line 805]
Event: 117.478 Thread 0x000001975d43d3e0 Exception <a 'java/lang/NoSuchMethodError'{0x0000000625294c78}: 'java.lang.Object java.lang.invoke.DirectMethodHandle$Holder.newInvokeSpecial(java.lang.Object, java.lang.Object, java.lang.Object, java.lang.Object, java.lang.Object)'> (0x0000000625294c78) 
thrown [s\open\src\hotspot\share\interpreter\linkResolver.cpp, line 805]
Event: 117.496 Thread 0x000001975d43d3e0 Exception <a 'java/lang/NoSuchMethodError'{0x0000000624c29de0}: 'int java.lang.invoke.DirectMethodHandle$Holder.invokeStatic(java.lang.Object, java.lang.Object, java.lang.Object, java.lang.Object)'> (0x0000000624c29de0) 
thrown [s\open\src\hotspot\share\interpreter\linkResolver.cpp, line 805]
Event: 117.533 Thread 0x000001975d43d3e0 Exception <a 'java/lang/NoSuchMethodError'{0x0000000624824608}: 'void java.lang.invoke.DirectMethodHandle$Holder.invokeSpecial(java.lang.Object, java.lang.Object, int)'> (0x0000000624824608) 
thrown [s\open\src\hotspot\share\interpreter\linkResolver.cpp, line 805]
Event: 117.534 Thread 0x000001975d43d3e0 Exception <a 'java/lang/NoSuchMethodError'{0x000000062482c228}: 'void java.lang.invoke.Invokers$Holder.invokeExact_MT(java.lang.Object, int, java.lang.Object)'> (0x000000062482c228) 
thrown [s\open\src\hotspot\share\interpreter\linkResolver.cpp, line 805]
Event: 117.535 Thread 0x000001975d43d3e0 Exception <a 'java/lang/NoSuchMethodError'{0x0000000624846a08}: 'void java.lang.invoke.DirectMethodHandle$Holder.invokeStatic(java.lang.Object, java.lang.Object, int)'> (0x0000000624846a08) 
thrown [s\open\src\hotspot\share\interpreter\linkResolver.cpp, line 805]
Event: 117.535 Thread 0x000001975d43d3e0 Exception <a 'java/lang/NoSuchMethodError'{0x0000000624855910}: 'java.lang.Object java.lang.invoke.DirectMethodHandle$Holder.newInvokeSpecial(java.lang.Object, java.lang.Object, int)'> (0x0000000624855910) 
thrown [s\open\src\hotspot\share\interpreter\linkResolver.cpp, line 805]
Event: 117.538 Thread 0x000001975d43d3e0 Exception <a 'sun/nio/fs/WindowsException'{0x0000000624889c08}> (0x0000000624889c08) 
thrown [s\open\src\hotspot\share\prims\jni.cpp, line 518]
Event: 117.539 Thread 0x000001975d43d3e0 Exception <a 'sun/nio/fs/WindowsException'{0x0000000624896b70}> (0x0000000624896b70) 
thrown [s\open\src\hotspot\share\prims\jni.cpp, line 518]
Event: 117.542 Thread 0x000001975d43d3e0 Exception <a 'sun/nio/fs/WindowsException'{0x00000006248a8b80}> (0x00000006248a8b80) 
thrown [s\open\src\hotspot\share\prims\jni.cpp, line 518]

VM Operations (16 events):
Event: 0.037 Executing VM operation: HandshakeAllThreads (Deoptimize)
Event: 0.037 Executing VM operation: HandshakeAllThreads (Deoptimize) done
Event: 0.283 Executing VM operation: HandshakeAllThreads (Deoptimize)
Event: 0.283 Executing VM operation: HandshakeAllThreads (Deoptimize) done
Event: 0.320 Executing VM operation: HandshakeAllThreads (Deoptimize)
Event: 0.320 Executing VM operation: HandshakeAllThreads (Deoptimize) done
Event: 0.374 Executing VM operation: HandshakeAllThreads (Deoptimize)
Event: 0.374 Executing VM operation: HandshakeAllThreads (Deoptimize) done
Event: 60.160 Executing VM operation: HandshakeAllThreads (HandshakeForDeflation)
Event: 60.160 Executing VM operation: HandshakeAllThreads (HandshakeForDeflation) done
Event: 60.160 Executing VM operation: RendezvousGCThreads
Event: 60.160 Executing VM operation: RendezvousGCThreads done
Event: 117.536 Executing VM operation: HandshakeAllThreads (Deoptimize)
Event: 117.537 Executing VM operation: HandshakeAllThreads (Deoptimize) done
Event: 117.554 Executing VM operation: JFRSafepointClear
Event: 117.554 Executing VM operation: JFRSafepointClear done

Memory protections (0 events):
No events

Nmethod flushes (0 events):
No events

Events (20 events):
Event: 0.023 Thread 0x0000019738a07ab0 Thread added: 0x000001975d43d3e0
Event: 0.023 Thread 0x0000019738a07ab0 Thread added: 0x000001975d43ea80
Event: 0.023 Thread 0x0000019738a07ab0 Thread added: 0x000001975d440120
Event: 0.023 Thread 0x0000019738a07ab0 Thread added: 0x000001975d44c680
Event: 0.023 Thread 0x0000019738a07ab0 Thread added: 0x000001975d4706d0
Event: 0.049 Thread 0x0000019738a07ab0 Thread added: 0x000001975d6693c0
Event: 0.060 Thread 0x0000019738a07ab0 Thread added: 0x000001975d688520
Event: 0.060 Thread 0x0000019738a07ab0 Thread added: 0x000001975d688c60
Event: 0.246 Thread 0x000001975d4706d0 Thread added: 0x00000197a358e5d0
Event: 0.254 Thread 0x00000197a358e5d0 Thread added: 0x00000197a35c6fe0
Event: 0.326 Thread 0x000001975d43d3e0 Thread added: 0x00000197a3513950
Event: 0.356 Thread 0x00000197a3513950 Thread added: 0x00000197a35a37b0
Event: 0.368 Thread 0x00000197a35a37b0 Thread added: 0x00000197a35ab1c0
Event: 0.373 Thread 0x00000197a35a37b0 Thread added: 0x00000197a35af150
Event: 0.619 Thread 0x00000197a35c6fe0 Thread exited: 0x00000197a35c6fe0
Event: 0.619 Thread 0x00000197a358e5d0 Thread exited: 0x00000197a358e5d0
Event: 117.460 Thread 0x000001975d4706d0 Thread added: 0x00000197a36afb40
Event: 117.473 Thread 0x000001975d43d3e0 Thread added: 0x000001975d625370
Event: 117.502 Thread 0x000001975d4706d0 Thread added: 0x00000197a3a55ae0
Event: 117.535 Thread 0x000001975d43d3e0 Thread added: 0x000001975d624c20


Dynamic libraries:
0x00007ff7047c0000 - 0x00007ff7047ce000 	C:\Users\DrozzzD35\.jdks\openjdk-24.0.1\bin\java.exe
0x00007fff5d920000 - 0x00007fff5db80000 	C:\Windows\SYSTEM32\ntdll.dll
0x00007fff5ca20000 - 0x00007fff5cae7000 	C:\Windows\System32\KERNEL32.DLL
0x00007fff5adc0000 - 0x00007fff5b18a000 	C:\Windows\System32\KERNELBASE.dll
0x00007fff5b2f0000 - 0x00007fff5b43b000 	C:\Windows\System32\ucrtbase.dll
0x00007fff376a0000 - 0x00007fff376bb000 	C:\Users\DrozzzD35\.jdks\openjdk-24.0.1\bin\VCRUNTIME140.dll
0x00007fff3bb30000 - 0x00007fff3bb46000 	C:\Users\DrozzzD35\.jdks\openjdk-24.0.1\bin\jli.dll
0x00007fff5bc50000 - 0x00007fff5be1c000 	C:\Windows\System32\USER32.dll
0x00007fff5b230000 - 0x00007fff5b257000 	C:\Windows\System32\win32u.dll
0x00007fff439b0000 - 0x00007fff43c47000 	C:\Windows\WinSxS\amd64_microsoft.windows.common-controls_6595b64144ccf1df_6.0.26100.3624_none_3e086962e3345f24\COMCTL32.dll
0x00007fff5d580000 - 0x00007fff5d5aa000 	C:\Windows\System32\GDI32.dll
0x00007fff5d5b0000 - 0x00007fff5d659000 	C:\Windows\System32\msvcrt.dll
0x00007fff5ac80000 - 0x00007fff5adb1000 	C:\Windows\System32\gdi32full.dll
0x00007fff5b440000 - 0x00007fff5b4e3000 	C:\Windows\System32\msvcp_win.dll
0x00007fff5cf90000 - 0x00007fff5cfbf000 	C:\Windows\System32\IMM32.DLL
0x00007fff3be30000 - 0x00007fff3be3c000 	C:\Users\DrozzzD35\.jdks\openjdk-24.0.1\bin\vcruntime140_1.dll
0x00007fff2e020000 - 0x00007fff2e0ae000 	C:\Users\DrozzzD35\.jdks\openjdk-24.0.1\bin\msvcp140.dll
0x00007ffee2490000 - 0x00007ffee3232000 	C:\Users\DrozzzD35\.jdks\openjdk-24.0.1\bin\server\jvm.dll
0x00007fff5bb90000 - 0x00007fff5bc42000 	C:\Windows\System32\ADVAPI32.dll
0x00007fff5d720000 - 0x00007fff5d7c6000 	C:\Windows\System32\sechost.dll
0x00007fff5cfd0000 - 0x00007fff5d0e6000 	C:\Windows\System32\RPCRT4.dll
0x00007fff5cef0000 - 0x00007fff5cf64000 	C:\Windows\System32\WS2_32.dll
0x00007fff5a280000 - 0x00007fff5a2de000 	C:\Windows\SYSTEM32\POWRPROF.dll
0x00007fff4f8a0000 - 0x00007fff4f8d6000 	C:\Windows\SYSTEM32\WINMM.dll
0x00007fff54190000 - 0x00007fff5419b000 	C:\Windows\SYSTEM32\VERSION.dll
0x00007fff5a260000 - 0x00007fff5a274000 	C:\Windows\SYSTEM32\UMPDC.dll
0x00007fff598d0000 - 0x00007fff598ea000 	C:\Windows\SYSTEM32\kernel.appcore.dll
0x00007fff17220000 - 0x00007fff1722a000 	C:\Users\DrozzzD35\.jdks\openjdk-24.0.1\bin\jimage.dll
0x00007fff46b10000 - 0x00007fff46d51000 	C:\Windows\SYSTEM32\DBGHELP.DLL
0x00007fff5b800000 - 0x00007fff5bb82000 	C:\Windows\System32\combase.dll
0x00007fff5d7d0000 - 0x00007fff5d8a6000 	C:\Windows\System32\OLEAUT32.dll
0x00007fff43080000 - 0x00007fff430b9000 	C:\Windows\SYSTEM32\dbgcore.DLL
0x00007fff5b190000 - 0x00007fff5b229000 	C:\Windows\System32\bcryptPrimitives.dll
0x00007fff171a0000 - 0x00007fff171af000 	C:\Users\DrozzzD35\.jdks\openjdk-24.0.1\bin\instrument.dll
0x00007fff17200000 - 0x00007fff1721e000 	C:\Users\DrozzzD35\.jdks\openjdk-24.0.1\bin\java.dll
0x00007fff5cc50000 - 0x00007fff5cde6000 	C:\Windows\System32\ole32.dll
0x00007fff5c090000 - 0x00007fff5c7b9000 	C:\Windows\System32\SHELL32.dll
0x00007fff5b5b0000 - 0x00007fff5b718000 	C:\Windows\System32\wintypes.dll
0x00007fff58780000 - 0x00007fff58fd2000 	C:\Windows\SYSTEM32\windows.storage.dll
0x00007fff5cdf0000 - 0x00007fff5cedd000 	C:\Windows\System32\SHCORE.dll
0x00007fff5c990000 - 0x00007fff5c9f4000 	C:\Windows\System32\shlwapi.dll
0x00007fff5aa10000 - 0x00007fff5aa3f000 	C:\Windows\SYSTEM32\profapi.dll
0x00007fff16f30000 - 0x00007fff17007000 	C:\Users\DrozzzD35\.jdks\openjdk-24.0.1\bin\jsvml.dll
0x00007fff171b0000 - 0x00007fff171c7000 	C:\Users\DrozzzD35\.jdks\openjdk-24.0.1\bin\zip.dll
0x00007fff171f0000 - 0x00007fff17200000 	C:\Users\DrozzzD35\.jdks\openjdk-24.0.1\bin\net.dll
0x00007fff59dd0000 - 0x00007fff59e3a000 	C:\Windows\system32\mswsock.dll
0x00007fff171d0000 - 0x00007fff171e6000 	C:\Users\DrozzzD35\.jdks\openjdk-24.0.1\bin\nio.dll
0x00007fff17180000 - 0x00007fff17189000 	C:\Users\DrozzzD35\.jdks\openjdk-24.0.1\bin\extnet.dll
0x00007fff59370000 - 0x00007fff59495000 	C:\Windows\SYSTEM32\DNSAPI.dll
0x00007fff592e0000 - 0x00007fff59313000 	C:\Windows\SYSTEM32\IPHLPAPI.DLL
0x00007fff5d660000 - 0x00007fff5d66a000 	C:\Windows\System32\NSI.dll
0x00007fff4fac0000 - 0x00007fff4facb000 	C:\Windows\System32\rasadhlp.dll
0x00007fff53b60000 - 0x00007fff53be5000 	C:\Windows\System32\fwpuclnt.dll
0x00007fff16f20000 - 0x00007fff16f2a000 	C:\Users\DrozzzD35\.jdks\openjdk-24.0.1\bin\management.dll
0x00007fff16f10000 - 0x00007fff16f1b000 	C:\Users\DrozzzD35\.jdks\openjdk-24.0.1\bin\management_ext.dll
0x00007fff5cf80000 - 0x00007fff5cf88000 	C:\Windows\System32\PSAPI.DLL
0x00007fff5a180000 - 0x00007fff5a19c000 	C:\Windows\SYSTEM32\CRYPTSP.dll
0x00007fff59830000 - 0x00007fff5986a000 	C:\Windows\system32\rsaenh.dll
0x00007fff59e70000 - 0x00007fff59e9b000 	C:\Windows\SYSTEM32\USERENV.dll
0x00007fff5a9e0000 - 0x00007fff5aa06000 	C:\Windows\SYSTEM32\bcrypt.dll
0x00007fff5a000000 - 0x00007fff5a00c000 	C:\Windows\SYSTEM32\CRYPTBASE.dll
0x00007fff1c3d0000 - 0x00007fff1c3e8000 	C:\Windows\system32\napinsp.dll
0x00007fff191e0000 - 0x00007fff191f2000 	C:\Windows\System32\winrnr.dll
0x00007fff1e780000 - 0x00007fff1e7b0000 	C:\Windows\system32\nlansp_c.dll
0x00007fff31560000 - 0x00007fff31576000 	C:\Windows\system32\wshbth.dll
0x00007fff40c90000 - 0x00007fff40cde000 	C:\Windows\SYSTEM32\pdh.dll
0x00007fff3ec40000 - 0x00007fff3ec52000 	C:\Windows\System32\perfproc.dll
0x00007fff3e140000 - 0x00007fff3e151000 	C:\Windows\System32\perfos.dll
0x00007fff57ee0000 - 0x00007fff57ef2000 	C:\Windows\SYSTEM32\pfclient.dll
0x00007ffee16f0000 - 0x00007ffee18e8000 	C:\Users\DrozzzD35\AppData\Local\Temp\idea_libasyncProfiler_dll_temp_folder2\libasyncProfiler.dll

JVMTI agents:
C:\Program Files\JetBrains\IntelliJIdea2025.1\lib\idea_rt.jar path:C:\Users\DrozzzD35\.jdks\openjdk-24.0.1\bin\instrument.dll, loaded, initialized, instrumentlib options:50573

dbghelp: loaded successfully - version: 4.0.5 - missing functions: none
symbol engine: initialized successfully - sym options: 0x614 - pdb path: .;C:\Users\DrozzzD35\.jdks\openjdk-24.0.1\bin;C:\Windows\SYSTEM32;C:\Windows\WinSxS\amd64_microsoft.windows.common-controls_6595b64144ccf1df_6.0.26100.3624_none_3e086962e3345f24;C:\Users\DrozzzD35\.jdks\openjdk-24.0.1\bin\server;C:\Users\DrozzzD35\AppData\Local\Temp\idea_libasyncProfiler_dll_temp_folder2

VM Arguments:
jvm_args: -javaagent:C:\Program Files\JetBrains\IntelliJIdea2025.1\lib\idea_rt.jar=50573 -Dfile.encoding=UTF-8 -Dsun.stdout.encoding=UTF-8 -Dsun.stderr.encoding=UTF-8 
java_command: Main
java_class_path (initial): C:\Users\DrozzzD35\IdeaProjects\StepUp\out\production\StepUp
Launcher Type: SUN_STANDARD

[Global flags]
     intx CICompilerCount                          = 4                                         {product} {ergonomic}
     uint ConcGCThreads                            = 3                                         {product} {ergonomic}
     bool FlightRecorder                           = true                                      {product} {management}
     uint G1ConcRefinementThreads                  = 10                                        {product} {ergonomic}
   size_t G1HeapRegionSize                         = 4194304                                   {product} {ergonomic}
   size_t InitialHeapSize                          = 532676608                                 {product} {ergonomic}
   size_t MarkStackSize                            = 4194304                                   {product} {ergonomic}
   size_t MarkStackSizeMax                         = 536870912                                 {product} {ergonomic}
   size_t MaxHeapSize                              = 8476688384                                {product} {ergonomic}
   size_t MaxNewSize                               = 5083496448                                {product} {ergonomic}
   size_t MinHeapDeltaBytes                        = 4194304                                   {product} {ergonomic}
   size_t MinHeapSize                              = 8388608                                   {product} {ergonomic}
    uintx NonNMethodCodeHeapSize                   = 5832704                                {pd product} {ergonomic}
    uintx NonProfiledCodeHeapSize                  = 122945536                              {pd product} {ergonomic}
    uintx ProfiledCodeHeapSize                     = 122880000                              {pd product} {ergonomic}
    uintx ReservedCodeCacheSize                    = 251658240                              {pd product} {ergonomic}
     bool SegmentedCodeCache                       = true                                      {product} {ergonomic}
   size_t SoftMaxHeapSize                          = 8476688384                             {manageable} {ergonomic}
     bool UseCompressedOops                        = true                           {product lp64_product} {ergonomic}
     bool UseG1GC                                  = true                                      {product} {ergonomic}
     bool UseLargePagesIndividualAllocation        = false                                  {pd product} {ergonomic}

Logging:
Log output configuration:
 #0: stdout all=warning uptime,level,tags foldmultilines=false
 #1: stderr all=off uptime,level,tags foldmultilines=false

Environment Variables:
PATH=C:\Windows\system32;C:\Windows;C:\Windows\System32\Wbem;C:\Windows\System32\WindowsPowerShell\v1.0\;C:\Windows\System32\OpenSSH\;C:\Program Files\NVIDIA Corporation\NVIDIA App\NvDLISR;C:\Program Files (x86)\NVIDIA Corporation\PhysX\Common;C:\Program Files\Git\cmd;C:\Users\DrozzzD35\AppData\Local\Microsoft\WindowsApps;
USERNAME=DrozzzD35
OS=Windows_NT
PROCESSOR_IDENTIFIER=AMD64 Family 25 Model 97 Stepping 2, AuthenticAMD
TMP=C:\Users\DROZZZ~1\AppData\Local\Temp
TEMP=C:\Users\DROZZZ~1\AppData\Local\Temp




Periodic native trim disabled

---------------  S Y S T E M  ---------------

OS:
 Windows 11 , 64 bit Build 26100 (10.0.26100.3775)
OS uptime: 0 days 0:07 hours
Hyper-V role detected

CPU: total 12 (initial active 12) (12 cores per cpu, 2 threads per core) family 25 model 97 stepping 2 microcode 0xa601206, cx8, cmov, fxsr, ht, mmx, 3dnowpref, sse, sse2, sse3, ssse3, sse4a, sse4.1, sse4.2, popcnt, lzcnt, tsc, tscinvbit, avx, avx2, aes, erms, clmul, bmi1, bmi2, adx, avx512f, avx512dq, avx512cd, avx512bw, avx512vl, sha, fma, vzeroupper, avx512_vpopcntdq, avx512_vpclmulqdq, avx512_vaes, avx512_vnni, clflush, clflushopt, avx512_vbmi2, avx512_vbmi, hv, rdtscp, rdpid, fsrm, gfni, avx512_bitalg, f16c, cet_ss, avx512_ifma
Processor Information for the first 12 processors :
  Max Mhz: 3701, Current Mhz: 3701, Mhz Limit: 3701

Memory: 4k page, system-wide physical 32333M (24119M free)
TotalPageFile size 34381M (AvailPageFile size 25004M)
current process WorkingSet (physical memory assigned to process): 106M, peak: 106M
current process commit charge ("private bytes"): 664M, peak: 665M

vm_info: OpenJDK 64-Bit Server VM (24.0.1+9-30) for windows-amd64 JRE (24.0.1+9-30), built on 2025-03-05T07:23:45Z with MS VC++ 17.6 (VS2022)

END.
